/*C62*/SET SCHEMA PUBLIC
DELETE FROM PRODUCTS WHERE ID=1
INSERT INTO PRODUCTS VALUES(1,'Milk',333,1.75,'1','2023-01-01')
COMMIT
DELETE FROM PRODUCTS WHERE ID=1
INSERT INTO PRODUCTS VALUES(1,'Milk',330,1.75,'1','2023-01-01')
COMMIT
DELETE FROM PRODUCTS WHERE ID=1
INSERT INTO PRODUCTS VALUES(1,'Milk',3300,1.75,'1','2023-01-01')
COMMIT
DELETE FROM PRODUCTS WHERE ID=2
INSERT INTO PRODUCTS VALUES(2,'Norwegian salmon',45,10.89,'0','2023-01-01')
COMMIT
DELETE FROM PRODUCTS WHERE ID=3
INSERT INTO PRODUCTS VALUES(3,'Pork ribs',70,5.85,'1','2023-02-01')
COMMIT
DELETE FROM PRODUCTS WHERE ID=2
INSERT INTO PRODUCTS VALUES(2,'Norwegian salmon',45,10.89,'1','2023-01-01')
COMMIT
/*C63*/SET SCHEMA PUBLIC
DISCONNECT
/*C64*/SET SCHEMA PUBLIC
DISCONNECT
/*C69*/SET SCHEMA PUBLIC
DISCONNECT
/*C71*/SET SCHEMA PUBLIC
DISCONNECT
/*C66*/SET SCHEMA PUBLIC
DISCONNECT
/*C65*/SET SCHEMA PUBLIC
DISCONNECT
/*C70*/SET SCHEMA PUBLIC
DISCONNECT
/*C62*/DISCONNECT
/*C68*/SET SCHEMA PUBLIC
DISCONNECT
/*C67*/SET SCHEMA PUBLIC
DISCONNECT
/*C76*/SET SCHEMA PUBLIC
DISCONNECT
/*C74*/SET SCHEMA PUBLIC
DISCONNECT
/*C72*/SET SCHEMA PUBLIC
DISCONNECT
/*C73*/SET SCHEMA PUBLIC
DISCONNECT
/*C78*/SET SCHEMA PUBLIC
DISCONNECT
/*C75*/SET SCHEMA PUBLIC
DISCONNECT
/*C77*/SET SCHEMA PUBLIC
DISCONNECT
/*C80*/SET SCHEMA PUBLIC
DISCONNECT
/*C79*/SET SCHEMA PUBLIC
DISCONNECT
/*C81*/SET SCHEMA PUBLIC
DISCONNECT
/*C82*/SET SCHEMA PUBLIC
INSERT INTO PRODUCTS VALUES(7,'aaaaa',6,3.00,NULL,'2023-07-14')
COMMIT
DELETE FROM PRODUCTS WHERE ID=7
COMMIT
/*C84*/SET SCHEMA PUBLIC
DISCONNECT
/*C83*/SET SCHEMA PUBLIC
DISCONNECT
/*C86*/SET SCHEMA PUBLIC
DISCONNECT
/*C87*/SET SCHEMA PUBLIC
DISCONNECT
/*C85*/SET SCHEMA PUBLIC
DISCONNECT
/*C90*/SET SCHEMA PUBLIC
DISCONNECT
/*C89*/SET SCHEMA PUBLIC
DISCONNECT
/*C82*/DISCONNECT
/*C91*/SET SCHEMA PUBLIC
DISCONNECT
/*C88*/SET SCHEMA PUBLIC
DISCONNECT
/*C93*/SET SCHEMA PUBLIC
DISCONNECT
/*C94*/SET SCHEMA PUBLIC
DISCONNECT
/*C92*/SET SCHEMA PUBLIC
DISCONNECT
/*C97*/SET SCHEMA PUBLIC
DISCONNECT
/*C96*/SET SCHEMA PUBLIC
DISCONNECT
/*C95*/SET SCHEMA PUBLIC
DISCONNECT
/*C99*/SET SCHEMA PUBLIC
DISCONNECT
/*C98*/SET SCHEMA PUBLIC
DISCONNECT
/*C101*/SET SCHEMA PUBLIC
DISCONNECT
/*C100*/SET SCHEMA PUBLIC
DISCONNECT
